<?xml version="1.0" encoding="UTF-8" ?>
<testsuite 
errors="0" failures="0" hostname="maropus-MacBook-Pro.local" name="io.github.maropu.TestClassSuite" tests="1" time="0.002" timestamp="2021-08-30T11:15:53">
  <properties>
    <property name="java.runtime.name" value="OpenJDK Runtime Environment"/>
    <property
    name="sun.boot.library.path" value="/Library/Java/JavaVirtualMachines/adoptopenjdk-8.jdk/Contents/Home/jre/lib"/>
    <property name="java.vm.version" value="25.292-b10"/>
    <property name="gopherProxySet" value="false"/>
    <property name="java.vm.vendor" value="AdoptOpenJDK"/>
    <property name="java.vendor.url" value="https://adoptopenjdk.net/"/>
    <property name="path.separator" value=":"/>
    <property name="java.vm.name" value="OpenJDK 64-Bit Server VM"/>
    <property name="file.encoding.pkg" value="sun.io"/>
    <property name="user.country" value="JP"/>
    <property name="sun.java.launcher" value="SUN_STANDARD"/>
    <property name="sun.os.patch.level" value="unknown"/>
    <property
    name="java.vm.specification.name" value="Java Virtual Machine Specification"/>
    <property
    name="user.dir" value="/Users/maropu/Repositories/predictive-testing/bin/tests/resources/java-class-test-project"/>
    <property name="java.runtime.version" value="1.8.0_292-b10"/>
    <property
    name="java.awt.graphicsenv" value="sun.awt.CGraphicsEnvironment"/>
    <property
    name="basedir" value="/Users/maropu/Repositories/predictive-testing/bin/tests/resources/java-class-test-project"/>
    <property
    name="java.endorsed.dirs" value="/Library/Java/JavaVirtualMachines/adoptopenjdk-8.jdk/Contents/Home/jre/lib/endorsed"/>
    <property name="os.arch" value="x86_64"/>
    <property
    name="java.io.tmpdir" value="/Users/maropu/Repositories/predictive-testing/bin/tests/resources/java-class-test-project/target"/>
    <property name="derby.system.durability" value="test"/>
    <property name="line.separator" value=" "/>
    <property name="java.vm.specification.vendor" value="Oracle Corporation"/>
    <property name="os.name" value="Mac OS X"/>
    <property
    name="log4j.configuration" value="file:src/test/resources/log4j.properties"/>
    <property name="sun.jnu.encoding" value="UTF-8"/>
    <property
    name="java.library.path" value="/Users/maropu/Library/Java/Extensions:/Library/Java/Extensions:/Network/Library/Java/Extensions:/System/Library/Java/Extensions:/usr/lib/java:."/>
    <property
    name="java.specification.name" value="Java Platform API Specification"/>
    <property name="java.class.version" value="52.0"/>
    <property
    name="sun.management.compiler" value="HotSpot 64-Bit Tiered Compilers"/>
    <property name="os.version" value="10.16"/>
    <property
    name="http.nonProxyHosts" value="local|*.local|169.254/16|*.169.254/16"/>
    <property name="user.home" value="/Users/maropu"/>
    <property name="user.timezone" value=""/>
    <property name="java.awt.printerjob" value="sun.lwawt.macosx.CPrinterJob"/>
    <property name="java.specification.version" value="1.8"/>
    <property name="file.encoding" value="utf-8"/>
    <property name="user.name" value="maropu"/>
    <property
    name="java.class.path" value="/Users/maropu/Repositories/predictive-testing/bin/tests/resources/java-class-test-project/target/scala-2.12/test-classes:/Users/maropu/Repositories/predictive-testing/bin/tests/resources/java-class-test-project/target/scala-2.12/classes:/Users/maropu/.m2/repository/org/scala-lang/scala-library/2.12.10/scala-library-2.12.10.jar:/Users/maropu/.m2/repository/org/scalatest/scalatest_2.12/3.2.9/scalatest_2.12-3.2.9.jar:/Users/maropu/.m2/repository/org/scalatest/scalatest-core_2.12/3.2.9/scalatest-core_2.12-3.2.9.jar:/Users/maropu/.m2/repository/org/scalatest/scalatest-compatible/3.2.9/scalatest-compatible-3.2.9.jar:/Users/maropu/.m2/repository/org/scalactic/scalactic_2.12/3.2.9/scalactic_2.12-3.2.9.jar:/Users/maropu/.m2/repository/org/scala-lang/modules/scala-xml_2.12/1.3.0/scala-xml_2.12-1.3.0.jar:/Users/maropu/.m2/repository/org/scalatest/scalatest-featurespec_2.12/3.2.9/scalatest-featurespec_2.12-3.2.9.jar:/Users/maropu/.m2/repository/org/scalatest/scalatest-flatspec_2.12/3.2.9/scalatest-flatspec_2.12-3.2.9.jar:/Users/maropu/.m2/repository/org/scalatest/scalatest-freespec_2.12/3.2.9/scalatest-freespec_2.12-3.2.9.jar:/Users/maropu/.m2/repository/org/scalatest/scalatest-funsuite_2.12/3.2.9/scalatest-funsuite_2.12-3.2.9.jar:/Users/maropu/.m2/repository/org/scalatest/scalatest-funspec_2.12/3.2.9/scalatest-funspec_2.12-3.2.9.jar:/Users/maropu/.m2/repository/org/scalatest/scalatest-propspec_2.12/3.2.9/scalatest-propspec_2.12-3.2.9.jar:/Users/maropu/.m2/repository/org/scalatest/scalatest-refspec_2.12/3.2.9/scalatest-refspec_2.12-3.2.9.jar:/Users/maropu/.m2/repository/org/scalatest/scalatest-wordspec_2.12/3.2.9/scalatest-wordspec_2.12-3.2.9.jar:/Users/maropu/.m2/repository/org/scalatest/scalatest-diagrams_2.12/3.2.9/scalatest-diagrams_2.12-3.2.9.jar:/Users/maropu/.m2/repository/org/scalatest/scalatest-matchers-core_2.12/3.2.9/scalatest-matchers-core_2.12-3.2.9.jar:/Users/maropu/.m2/repository/org/scalatest/scalatest-shouldmatchers_2.12/3.2.9/scalatest-shouldmatchers_2.12-3.2.9.jar:/Users/maropu/.m2/repository/org/scalatest/scalatest-mustmatchers_2.12/3.2.9/scalatest-mustmatchers_2.12-3.2.9.jar:/Users/maropu/.m2/repository/org/scala-lang/scala-reflect/2.12.13/scala-reflect-2.12.13.jar"/>
    <property name="java.vm.specification.version" value="1.8"/>
    <property name="sun.arch.data.model" value="64"/>
    <property
    name="java.home" value="/Library/Java/JavaVirtualMachines/adoptopenjdk-8.jdk/Contents/Home/jre"/>
    <property
    name="sun.java.command" value="org.scalatest.tools.Runner -R /Users/maropu/Repositories/predictive-testing/bin/tests/resources/java-class-test-project/target/scala-2.12/classes /Users/maropu/Repositories/predictive-testing/bin/tests/resources/java-class-test-project/target/scala-2.12/test-classes -o -f /Users/maropu/Repositories/predictive-testing/bin/tests/resources/java-class-test-project/target/surefire-reports/TestSuite.txt -u /Users/maropu/Repositories/predictive-testing/bin/tests/resources/java-class-test-project/target/surefire-reports/."/>
    <property name="java.specification.vendor" value="Oracle Corporation"/>
    <property name="user.language" value="en"/>
    <property name="awt.toolkit" value="sun.lwawt.macosx.LWCToolkit"/>
    <property name="java.vm.info" value="mixed mode"/>
    <property name="java.version" value="1.8.0_292"/>
    <property
    name="java.ext.dirs" value="/Users/maropu/Library/Java/Extensions:/Library/Java/JavaVirtualMachines/adoptopenjdk-8.jdk/Contents/Home/jre/lib/ext:/Library/Java/Extensions:/Network/Library/Java/Extensions:/System/Library/Java/Extensions:/usr/lib/java"/>
    <property
    name="sun.boot.class.path" value="/Library/Java/JavaVirtualMachines/adoptopenjdk-8.jdk/Contents/Home/jre/lib/resources.jar:/Library/Java/JavaVirtualMachines/adoptopenjdk-8.jdk/Contents/Home/jre/lib/rt.jar:/Library/Java/JavaVirtualMachines/adoptopenjdk-8.jdk/Contents/Home/jre/lib/sunrsasign.jar:/Library/Java/JavaVirtualMachines/adoptopenjdk-8.jdk/Contents/Home/jre/lib/jsse.jar:/Library/Java/JavaVirtualMachines/adoptopenjdk-8.jdk/Contents/Home/jre/lib/jce.jar:/Library/Java/JavaVirtualMachines/adoptopenjdk-8.jdk/Contents/Home/jre/lib/charsets.jar:/Library/Java/JavaVirtualMachines/adoptopenjdk-8.jdk/Contents/Home/jre/lib/jfr.jar:/Library/Java/JavaVirtualMachines/adoptopenjdk-8.jdk/Contents/Home/jre/classes"/>
    <property name="java.vendor" value="AdoptOpenJDK"/>
    <property name="java.awt.headless" value="true"/>
    <property name="file.separator" value="/"/>
    <property
    name="java.vendor.url.bug" value="https://github.com/AdoptOpenJDK/openjdk-support/issues"/>
    <property name="sun.cpu.endian" value="little"/>
    <property name="sun.io.unicode.encoding" value="UnicodeBig"/>
    <property
    name="socksNonProxyHosts" value="local|*.local|169.254/16|*.169.254/16"/>
    <property
    name="ftp.nonProxyHosts" value="local|*.local|169.254/16|*.169.254/16"/>
    <property name="sun.cpu.isalist" value=""/>
  </properties>
  <testcase 
  name="BaseClass.func" classname="io.github.maropu.TestClassSuite" time="0.001">
</testcase>
  <system-out><![CDATA[]]></system-out>
  <system-err><![CDATA[]]></system-err>
</testsuite>
